#-----------------------------------------------------------
# Vivado v2020.1 (64-bit)
# SW Build 2902540 on Wed May 27 19:54:49 MDT 2020
# IP Build 2902112 on Wed May 27 22:43:36 MDT 2020
# Start of session at: Sun Nov 26 17:31:05 2023
# Process ID: 10024
# Current directory: C:/Users/Jazib/Desktop/PROJECT
# Command line: vivado.exe -gui_launcher_event rodinguilauncherevent3620 C:\Users\Jazib\Desktop\PROJECT\PROJECT.xpr
# Log file: C:/Users/Jazib/Desktop/PROJECT/vivado.log
# Journal file: C:/Users/Jazib/Desktop/PROJECT\vivado.jou
#-----------------------------------------------------------
start_gui
open_project C:/Users/Jazib/Desktop/PROJECT/PROJECT.xpr
Scanning sources...
Finished scanning sources
INFO: [IP_Flow 19-234] Refreshing IP repositories
INFO: [IP_Flow 19-1704] No user IP repositories specified
INFO: [IP_Flow 19-2313] Loaded Vivado IP repository 'C:/Xilinx/Vivado/2020.1/data/ip'.
open_project: Time (s): cpu = 00:00:25 ; elapsed = 00:00:16 . Memory (MB): peak = 1024.832 ; gain = 0.000
update_compile_order -fileset sources_1
launch_runs impl_1 -to_step write_bitstream -jobs 8
[Sun Nov 26 17:32:43 2023] Launched synth_1...
Run output will be captured here: C:/Users/Jazib/Desktop/PROJECT/PROJECT.runs/synth_1/runme.log
[Sun Nov 26 17:32:44 2023] Launched impl_1...
Run output will be captured here: C:/Users/Jazib/Desktop/PROJECT/PROJECT.runs/impl_1/runme.log
reset_run synth_1
WARNING: [Vivado 12-1017] Problems encountered:
1. Failed to delete one or more files in run directory C:/Users/Jazib/Desktop/PROJECT/PROJECT.runs/synth_1

update_compile_order -fileset sources_1
launch_runs impl_1 -to_step write_bitstream -jobs 8
[Sun Nov 26 17:42:28 2023] Launched synth_1...
Run output will be captured here: C:/Users/Jazib/Desktop/PROJECT/PROJECT.runs/synth_1/runme.log
[Sun Nov 26 17:42:28 2023] Launched impl_1...
Run output will be captured here: C:/Users/Jazib/Desktop/PROJECT/PROJECT.runs/impl_1/runme.log
open_run impl_1
INFO: [Device 21-403] Loading part xc7a35tcpg236-1
Netlist sorting complete. Time (s): cpu = 00:00:00 ; elapsed = 00:00:00.016 . Memory (MB): peak = 1097.699 ; gain = 0.000
INFO: [Netlist 29-17] Analyzing 241 Unisim elements for replacement
INFO: [Netlist 29-28] Unisim Transformation completed in 0 CPU seconds
INFO: [Project 1-479] Netlist was created with Vivado 2020.1
INFO: [Project 1-570] Preparing netlist for logic optimization
INFO: [Timing 38-478] Restoring timing data from binary archive.
INFO: [Timing 38-479] Binary timing data restore complete.
INFO: [Project 1-856] Restoring constraints from binary archive.
INFO: [Project 1-853] Binary constraint restore complete.
Reading XDEF placement.
Reading placer database...
Reading XDEF routing.
Read XDEF File: Time (s): cpu = 00:00:00 ; elapsed = 00:00:00.182 . Memory (MB): peak = 1752.574 ; gain = 0.000
Restored from archive | CPU: 0.000000 secs | Memory: 0.000000 MB |
Finished XDEF File Restore: Time (s): cpu = 00:00:00 ; elapsed = 00:00:00.183 . Memory (MB): peak = 1752.574 ; gain = 0.000
Netlist sorting complete. Time (s): cpu = 00:00:00 ; elapsed = 00:00:00.001 . Memory (MB): peak = 1752.574 ; gain = 0.000
INFO: [Project 1-111] Unisim Transformation Summary:
No Unisim elements were transformed.

open_run: Time (s): cpu = 00:00:23 ; elapsed = 00:00:24 . Memory (MB): peak = 1888.750 ; gain = 863.918
WARNING: [Timing 38-313] There are no user specified timing constraints. Timing constraints are needed for proper timing analysis.
open_hw_manager
connect_hw_server -allow_non_jtag
INFO: [Labtools 27-2285] Connecting to hw_server url TCP:localhost:3121
INFO: [Labtools 27-2222] Launching hw_server...
INFO: [Labtools 27-2221] Launch Output:

****** Xilinx hw_server v2020.1
  **** Build date : May 27 2020 at 20:24:38
    ** Copyright 1986-2020 Xilinx, Inc. All Rights Reserved.


INFO: [Labtools 27-3415] Connecting to cs_server url TCP:localhost:3042
INFO: [Labtools 27-3417] Launching cs_server...
INFO: [Labtools 27-2221] Launch Output:


****** Xilinx cs_server v2020.1.0
  **** Build date : May 14 2020-06:10:29
    ** Copyright 2017-2020 Xilinx, Inc. All Rights Reserved.



connect_hw_server: Time (s): cpu = 00:00:02 ; elapsed = 00:00:15 . Memory (MB): peak = 1936.434 ; gain = 24.418
open_hw_target
INFO: [Labtoolstcl 44-466] Opening hw_target localhost:3121/xilinx_tcf/Digilent/210183AF2A53A
open_hw_target: Time (s): cpu = 00:00:05 ; elapsed = 00:00:06 . Memory (MB): peak = 3233.988 ; gain = 1297.512
set_property PROGRAM.FILE {C:/Users/Jazib/Desktop/PROJECT/PROJECT.runs/impl_1/Project.bit} [get_hw_devices xc7a35t_0]
current_hw_device [get_hw_devices xc7a35t_0]
refresh_hw_device -update_hw_probes false [lindex [get_hw_devices xc7a35t_0] 0]
INFO: [Labtools 27-1434] Device xc7a35t (JTAG device index = 0) is programmed with a design that has no supported debug core(s) in it.
set_property PROBES.FILE {} [get_hw_devices xc7a35t_0]
set_property FULL_PROBES.FILE {} [get_hw_devices xc7a35t_0]
set_property PROGRAM.FILE {C:/Users/Jazib/Desktop/PROJECT/PROJECT.runs/impl_1/Project.bit} [get_hw_devices xc7a35t_0]
program_hw_devices [get_hw_devices xc7a35t_0]
INFO: [Labtools 27-3164] End of startup status: HIGH
refresh_hw_device [lindex [get_hw_devices xc7a35t_0] 0]
INFO: [Labtools 27-1434] Device xc7a35t (JTAG device index = 0) is programmed with a design that has no supported debug core(s) in it.
close [ open C:/Users/Jazib/Desktop/PROJECT/PROJECT.srcs/sources_1/new/start_screen.v w ]
add_files C:/Users/Jazib/Desktop/PROJECT/PROJECT.srcs/sources_1/new/start_screen.v
update_compile_order -fileset sources_1
reset_run synth_1
launch_runs impl_1 -to_step write_bitstream -jobs 8
[Sun Nov 26 17:55:25 2023] Launched synth_1...
Run output will be captured here: C:/Users/Jazib/Desktop/PROJECT/PROJECT.runs/synth_1/runme.log
[Sun Nov 26 17:55:25 2023] Launched impl_1...
Run output will be captured here: C:/Users/Jazib/Desktop/PROJECT/PROJECT.runs/impl_1/runme.log
set_property PROBES.FILE {} [get_hw_devices xc7a35t_0]
set_property FULL_PROBES.FILE {} [get_hw_devices xc7a35t_0]
set_property PROGRAM.FILE {C:/Users/Jazib/Desktop/PROJECT/PROJECT.runs/impl_1/Project.bit} [get_hw_devices xc7a35t_0]
program_hw_devices [get_hw_devices xc7a35t_0]
INFO: [Labtools 27-3164] End of startup status: HIGH
refresh_hw_device [lindex [get_hw_devices xc7a35t_0] 0]
INFO: [Labtools 27-1434] Device xc7a35t (JTAG device index = 0) is programmed with a design that has no supported debug core(s) in it.
update_compile_order -fileset sources_1
reset_run synth_1
launch_runs impl_1 -to_step write_bitstream -jobs 8
[Sun Nov 26 18:06:42 2023] Launched synth_1...
Run output will be captured here: C:/Users/Jazib/Desktop/PROJECT/PROJECT.runs/synth_1/runme.log
[Sun Nov 26 18:06:42 2023] Launched impl_1...
Run output will be captured here: C:/Users/Jazib/Desktop/PROJECT/PROJECT.runs/impl_1/runme.log
set_property PROBES.FILE {} [get_hw_devices xc7a35t_0]
set_property FULL_PROBES.FILE {} [get_hw_devices xc7a35t_0]
set_property PROGRAM.FILE {C:/Users/Jazib/Desktop/PROJECT/PROJECT.runs/impl_1/Project.bit} [get_hw_devices xc7a35t_0]
program_hw_devices [get_hw_devices xc7a35t_0]
INFO: [Labtools 27-3164] End of startup status: HIGH
refresh_hw_device [lindex [get_hw_devices xc7a35t_0] 0]
INFO: [Labtools 27-1434] Device xc7a35t (JTAG device index = 0) is programmed with a design that has no supported debug core(s) in it.
reset_run synth_1
launch_runs impl_1 -to_step write_bitstream -jobs 8
[Sun Nov 26 18:11:09 2023] Launched synth_1...
Run output will be captured here: C:/Users/Jazib/Desktop/PROJECT/PROJECT.runs/synth_1/runme.log
[Sun Nov 26 18:11:09 2023] Launched impl_1...
Run output will be captured here: C:/Users/Jazib/Desktop/PROJECT/PROJECT.runs/impl_1/runme.log
reset_run synth_1
launch_runs impl_1 -to_step write_bitstream -jobs 8
[Sun Nov 26 18:12:33 2023] Launched synth_1...
Run output will be captured here: C:/Users/Jazib/Desktop/PROJECT/PROJECT.runs/synth_1/runme.log
[Sun Nov 26 18:12:33 2023] Launched impl_1...
Run output will be captured here: C:/Users/Jazib/Desktop/PROJECT/PROJECT.runs/impl_1/runme.log
reset_run synth_1
update_compile_order -fileset sources_1
launch_runs impl_1 -to_step write_bitstream -jobs 8
[Sun Nov 26 18:13:28 2023] Launched synth_1...
Run output will be captured here: C:/Users/Jazib/Desktop/PROJECT/PROJECT.runs/synth_1/runme.log
[Sun Nov 26 18:13:28 2023] Launched impl_1...
Run output will be captured here: C:/Users/Jazib/Desktop/PROJECT/PROJECT.runs/impl_1/runme.log
set_property PROBES.FILE {} [get_hw_devices xc7a35t_0]
set_property FULL_PROBES.FILE {} [get_hw_devices xc7a35t_0]
set_property PROGRAM.FILE {C:/Users/Jazib/Desktop/PROJECT/PROJECT.runs/impl_1/Project.bit} [get_hw_devices xc7a35t_0]
program_hw_devices [get_hw_devices xc7a35t_0]
INFO: [Labtools 27-3164] End of startup status: HIGH
refresh_hw_device [lindex [get_hw_devices xc7a35t_0] 0]
INFO: [Labtools 27-1434] Device xc7a35t (JTAG device index = 0) is programmed with a design that has no supported debug core(s) in it.
reset_run synth_1
launch_runs impl_1 -to_step write_bitstream -jobs 8
[Sun Nov 26 19:29:31 2023] Launched synth_1...
Run output will be captured here: C:/Users/Jazib/Desktop/PROJECT/PROJECT.runs/synth_1/runme.log
[Sun Nov 26 19:29:31 2023] Launched impl_1...
Run output will be captured here: C:/Users/Jazib/Desktop/PROJECT/PROJECT.runs/impl_1/runme.log
set_property PROBES.FILE {} [get_hw_devices xc7a35t_0]
set_property FULL_PROBES.FILE {} [get_hw_devices xc7a35t_0]
set_property PROGRAM.FILE {C:/Users/Jazib/Desktop/PROJECT/PROJECT.runs/impl_1/Project.bit} [get_hw_devices xc7a35t_0]
program_hw_devices [get_hw_devices xc7a35t_0]
INFO: [Labtools 27-3164] End of startup status: HIGH
refresh_hw_device [lindex [get_hw_devices xc7a35t_0] 0]
INFO: [Labtools 27-1434] Device xc7a35t (JTAG device index = 0) is programmed with a design that has no supported debug core(s) in it.
exit
INFO: [Common 17-206] Exiting Vivado at Sun Nov 26 20:02:23 2023...
