#-----------------------------------------------------------
# Vivado v2020.1 (64-bit)
# SW Build 2902540 on Wed May 27 19:54:49 MDT 2020
# IP Build 2902112 on Wed May 27 22:43:36 MDT 2020
# Start of session at: Sat Dec 16 16:15:30 2023
# Process ID: 30464
# Current directory: C:/Users/MAUSTAFA/OneDrive - Habib University/Desktop/PROJECT
# Command line: vivado.exe -gui_launcher_event rodinguilauncherevent1128 C:\Users\MAUSTAFA\OneDrive - Habib University\Desktop\PROJECT\PROJECT.xpr
# Log file: C:/Users/MAUSTAFA/OneDrive - Habib University/Desktop/PROJECT/vivado.log
# Journal file: C:/Users/MAUSTAFA/OneDrive - Habib University/Desktop/PROJECT\vivado.jou
#-----------------------------------------------------------
start_gui
open_project {C:/Users/MAUSTAFA/OneDrive - Habib University/Desktop/PROJECT/PROJECT.xpr}
INFO: [Project 1-313] Project file moved from 'C:/Users/HMB/Downloads/30-Nov_FlappyBird (2)/30-Nov_FlappyBird/PROJECT' since last save.
CRITICAL WARNING: [Project 1-311] Could not find the file 'C:/Users/MAUSTAFA/OneDrive - Habib University/Desktop/Basys3-Joystick-Interfacing-main/test.srcs/sources_1/imports/hdl/counter3bit.v', nor could it be found using path 'C:/Users/HMB/Downloads/30-Nov_FlappyBird (2)/30-Nov_FlappyBird/Basys3-Joystick-Interfacing-main/test.srcs/sources_1/imports/hdl/counter3bit.v'.
CRITICAL WARNING: [Project 1-311] Could not find the file 'C:/Users/MAUSTAFA/OneDrive - Habib University/Desktop/Basys3-Joystick-Interfacing-main/test.srcs/sources_1/imports/hdl/decoder3_8.v', nor could it be found using path 'C:/Users/HMB/Downloads/30-Nov_FlappyBird (2)/30-Nov_FlappyBird/Basys3-Joystick-Interfacing-main/test.srcs/sources_1/imports/hdl/decoder3_8.v'.
CRITICAL WARNING: [Project 1-311] Could not find the file 'C:/Users/MAUSTAFA/OneDrive - Habib University/Desktop/Basys3-Joystick-Interfacing-main/test.srcs/sources_1/imports/hdl/mux4_4bus.v', nor could it be found using path 'C:/Users/HMB/Downloads/30-Nov_FlappyBird (2)/30-Nov_FlappyBird/Basys3-Joystick-Interfacing-main/test.srcs/sources_1/imports/hdl/mux4_4bus.v'.
CRITICAL WARNING: [Project 1-311] Could not find the file 'C:/Users/MAUSTAFA/OneDrive - Habib University/Desktop/Basys3-Joystick-Interfacing-main/test.srcs/sources_1/imports/hdl/segClkDevider.v', nor could it be found using path 'C:/Users/HMB/Downloads/30-Nov_FlappyBird (2)/30-Nov_FlappyBird/Basys3-Joystick-Interfacing-main/test.srcs/sources_1/imports/hdl/segClkDevider.v'.
CRITICAL WARNING: [Project 1-311] Could not find the file 'C:/Users/MAUSTAFA/OneDrive - Habib University/Desktop/Basys3-Joystick-Interfacing-main/test.srcs/sources_1/imports/hdl/sevensegdecoder.v', nor could it be found using path 'C:/Users/HMB/Downloads/30-Nov_FlappyBird (2)/30-Nov_FlappyBird/Basys3-Joystick-Interfacing-main/test.srcs/sources_1/imports/hdl/sevensegdecoder.v'.
CRITICAL WARNING: [Project 1-311] Could not find the file 'C:/Users/MAUSTAFA/OneDrive - Habib University/Desktop/Basys3-Joystick-Interfacing-main/test.srcs/sources_1/imports/hdl/UART_TX_CTRL.vhd', nor could it be found using path 'C:/Users/HMB/Downloads/30-Nov_FlappyBird (2)/30-Nov_FlappyBird/Basys3-Joystick-Interfacing-main/test.srcs/sources_1/imports/hdl/UART_TX_CTRL.vhd'.
Scanning sources...
Finished scanning sources
INFO: [IP_Flow 19-234] Refreshing IP repositories
INFO: [IP_Flow 19-1704] No user IP repositories specified
INFO: [IP_Flow 19-2313] Loaded Vivado IP repository 'C:/Vivado/2020.1/data/ip'.
open_project: Time (s): cpu = 00:00:06 ; elapsed = 00:00:10 . Memory (MB): peak = 1025.176 ; gain = 0.000
update_compile_order -fileset sources_1
exit
INFO: [Common 17-206] Exiting Vivado at Sun Dec 17 00:25:29 2023...
