#-----------------------------------------------------------
# Vivado v2020.1 (64-bit)
# SW Build 2902540 on Wed May 27 19:54:49 MDT 2020
# IP Build 2902112 on Wed May 27 22:43:36 MDT 2020
# Start of session at: Sun Dec 17 15:49:26 2023
# Process ID: 33468
# Current directory: C:/Users/MAUSTAFA/OneDrive - Habib University/Desktop/PROJECT
# Command line: vivado.exe -gui_launcher_event rodinguilauncherevent33148 C:\Users\MAUSTAFA\OneDrive - Habib University\Desktop\PROJECT\PROJECT.xpr
# Log file: C:/Users/MAUSTAFA/OneDrive - Habib University/Desktop/PROJECT/vivado.log
# Journal file: C:/Users/MAUSTAFA/OneDrive - Habib University/Desktop/PROJECT\vivado.jou
#-----------------------------------------------------------
start_gui
open_project {C:/Users/MAUSTAFA/OneDrive - Habib University/Desktop/PROJECT/PROJECT.xpr}
INFO: [Project 1-313] Project file moved from 'C:/Users/HMB/Downloads/30-Nov_FlappyBird (2)/30-Nov_FlappyBird/PROJECT' since last save.
CRITICAL WARNING: [Project 1-311] Could not find the file 'C:/Users/MAUSTAFA/OneDrive - Habib University/Desktop/Basys3-Joystick-Interfacing-main/test.srcs/sources_1/imports/hdl/counter3bit.v', nor could it be found using path 'C:/Users/HMB/Downloads/30-Nov_FlappyBird (2)/30-Nov_FlappyBird/Basys3-Joystick-Interfacing-main/test.srcs/sources_1/imports/hdl/counter3bit.v'.
CRITICAL WARNING: [Project 1-311] Could not find the file 'C:/Users/MAUSTAFA/OneDrive - Habib University/Desktop/Basys3-Joystick-Interfacing-main/test.srcs/sources_1/imports/hdl/decoder3_8.v', nor could it be found using path 'C:/Users/HMB/Downloads/30-Nov_FlappyBird (2)/30-Nov_FlappyBird/Basys3-Joystick-Interfacing-main/test.srcs/sources_1/imports/hdl/decoder3_8.v'.
CRITICAL WARNING: [Project 1-311] Could not find the file 'C:/Users/MAUSTAFA/OneDrive - Habib University/Desktop/Basys3-Joystick-Interfacing-main/test.srcs/sources_1/imports/hdl/mux4_4bus.v', nor could it be found using path 'C:/Users/HMB/Downloads/30-Nov_FlappyBird (2)/30-Nov_FlappyBird/Basys3-Joystick-Interfacing-main/test.srcs/sources_1/imports/hdl/mux4_4bus.v'.
CRITICAL WARNING: [Project 1-311] Could not find the file 'C:/Users/MAUSTAFA/OneDrive - Habib University/Desktop/Basys3-Joystick-Interfacing-main/test.srcs/sources_1/imports/hdl/segClkDevider.v', nor could it be found using path 'C:/Users/HMB/Downloads/30-Nov_FlappyBird (2)/30-Nov_FlappyBird/Basys3-Joystick-Interfacing-main/test.srcs/sources_1/imports/hdl/segClkDevider.v'.
CRITICAL WARNING: [Project 1-311] Could not find the file 'C:/Users/MAUSTAFA/OneDrive - Habib University/Desktop/Basys3-Joystick-Interfacing-main/test.srcs/sources_1/imports/hdl/sevensegdecoder.v', nor could it be found using path 'C:/Users/HMB/Downloads/30-Nov_FlappyBird (2)/30-Nov_FlappyBird/Basys3-Joystick-Interfacing-main/test.srcs/sources_1/imports/hdl/sevensegdecoder.v'.
CRITICAL WARNING: [Project 1-311] Could not find the file 'C:/Users/MAUSTAFA/OneDrive - Habib University/Desktop/Basys3-Joystick-Interfacing-main/test.srcs/sources_1/imports/hdl/UART_TX_CTRL.vhd', nor could it be found using path 'C:/Users/HMB/Downloads/30-Nov_FlappyBird (2)/30-Nov_FlappyBird/Basys3-Joystick-Interfacing-main/test.srcs/sources_1/imports/hdl/UART_TX_CTRL.vhd'.
Scanning sources...
Finished scanning sources
INFO: [IP_Flow 19-234] Refreshing IP repositories
INFO: [IP_Flow 19-1704] No user IP repositories specified
INFO: [IP_Flow 19-2313] Loaded Vivado IP repository 'C:/Vivado/2020.1/data/ip'.
open_project: Time (s): cpu = 00:00:29 ; elapsed = 00:00:17 . Memory (MB): peak = 1221.605 ; gain = 0.000
update_compile_order -fileset sources_1
WARNING: [Common 17-9] Error reading message records.
WARNING: [Common 17-9] Error reading message records.
WARNING: [Common 17-9] Error reading message records.
WARNING: [Common 17-9] Error reading message records.
WARNING: [Common 17-9] Error reading message records.
WARNING: [Common 17-9] Error reading message records.
exit
INFO: [Common 17-206] Exiting Vivado at Sun Dec 17 15:58:13 2023...
runme.log
launch_runs impl_1 -jobs 4
[Sun Dec 17 15:52:29 2023] Launched impl_1...
Run output will be captured here: C:/Users/MAUSTAFA/OneDrive - Habib University/Desktop/PROJECT/PROJECT.runs/impl_1/runme.log
launch_runs impl_1 -to_step write_bitstream -jobs 4
[Sun Dec 17 15:54:10 2023] Launched impl_1...
Run output will be captured here: C:/Users/MAUSTAFA/OneDrive - Habib University/Desktop/PROJECT/PROJECT.runs/impl_1/runme.log
open_hw_manager
connect_hw_server -allow_non_jtag
INFO: [Labtools 27-2285] Connecting to hw_server url TCP:localhost:3121
INFO: [Labtools 27-2222] Launching hw_server...
INFO: [Labtools 27-2221] Launch Output:

****** Xilinx hw_server v2020.1
  **** Build date : May 27 2020 at 20:24:38
    ** Copyright 1986-2020 Xilinx, Inc. All Rights Reserved.


INFO: [Labtools 27-3415] Connecting to cs_server url TCP:localhost:3042
INFO: [Labtools 27-3417] Launching cs_server...
INFO: [Labtools 27-2221] Launch Output:


****** Xilinx cs_server v2020.1.0
  **** Build date : May 14 2020-06:10:29
    ** Copyright 2017-2020 Xilinx, Inc. All Rights Reserved.



connect_hw_server: Time (s): cpu = 00:00:00 ; elapsed = 00:00:08 . Memory (MB): peak = 1025.094 ; gain = 0.000
open_hw_target
INFO: [Labtoolstcl 44-466] Opening hw_target localhost:3121/xilinx_tcf/Digilent/210183AF3057A
open_hw_target: Time (s): cpu = 00:00:04 ; elapsed = 00:00:06 . Memory (MB): peak = 2163.973 ; gain = 1138.883
set_property PROGRAM.FILE {C:/Users/MAUSTAFA/OneDrive - Habib University/Desktop/PROJECT/PROJECT.runs/impl_1/Project.bit} [get_hw_devices xc7a35t_0]
current_hw_device [get_hw_devices xc7a35t_0]
refresh_hw_device -update_hw_probes false [lindex [get_hw_devices xc7a35t_0] 0]
INFO: [Labtools 27-1434] Device xc7a35t (JTAG device index = 0) is programmed with a design that has no supported debug core(s) in it.
set_property PROBES.FILE {} [get_hw_devices xc7a35t_0]
set_property FULL_PROBES.FILE {} [get_hw_devices xc7a35t_0]
set_property PROGRAM.FILE {C:/Users/MAUSTAFA/OneDrive - Habib University/Desktop/PROJECT/PROJECT.runs/impl_1/Project.bit} [get_hw_devices xc7a35t_0]
program_hw_devices [get_hw_devices xc7a35t_0]
INFO: [Labtools 27-3164] End of startup status: HIGH
refresh_hw_device [lindex [get_hw_devices xc7a35t_0] 0]
INFO: [Labtools 27-1434] Device xc7a35t (JTAG device index = 0) is programmed with a design that has no supported debug core(s) in it.
ERROR: [Labtoolstcl 44-513] HW Target shutdown. Closing target: localhost:3121/xilinx_tcf/Digilent/210183AF3057A
exit
INFO: [Common 17-206] Exiting Vivado at Sun Dec 17 15:57:58 2023...
