#-----------------------------------------------------------
# Vivado v2020.1 (64-bit)
# SW Build 2902540 on Wed May 27 19:54:49 MDT 2020
# IP Build 2902112 on Wed May 27 22:43:36 MDT 2020
# Start of session at: Mon Dec 18 08:48:14 2023
# Process ID: 34688
# Current directory: C:/Users/MAUSTAFA/OneDrive - Habib University/Desktop/PROJECT
# Command line: vivado.exe -gui_launcher_event rodinguilauncherevent8884 C:\Users\MAUSTAFA\OneDrive - Habib University\Desktop\PROJECT\PROJECT.xpr
# Log file: C:/Users/MAUSTAFA/OneDrive - Habib University/Desktop/PROJECT/vivado.log
# Journal file: C:/Users/MAUSTAFA/OneDrive - Habib University/Desktop/PROJECT\vivado.jou
#-----------------------------------------------------------
start_gui
open_project {C:/Users/MAUSTAFA/OneDrive - Habib University/Desktop/PROJECT/PROJECT.xpr}
CRITICAL WARNING: [Project 1-19] Could not find the file 'C:/Users/MAUSTAFA/OneDrive - Habib University/Desktop/Basys3-Joystick-Interfacing-main/test.srcs/sources_1/imports/hdl/counter3bit.v'.
CRITICAL WARNING: [Project 1-19] Could not find the file 'C:/Users/MAUSTAFA/OneDrive - Habib University/Desktop/Basys3-Joystick-Interfacing-main/test.srcs/sources_1/imports/hdl/decoder3_8.v'.
CRITICAL WARNING: [Project 1-19] Could not find the file 'C:/Users/MAUSTAFA/OneDrive - Habib University/Desktop/Basys3-Joystick-Interfacing-main/test.srcs/sources_1/imports/hdl/mux4_4bus.v'.
CRITICAL WARNING: [Project 1-19] Could not find the file 'C:/Users/MAUSTAFA/OneDrive - Habib University/Desktop/Basys3-Joystick-Interfacing-main/test.srcs/sources_1/imports/hdl/segClkDevider.v'.
CRITICAL WARNING: [Project 1-19] Could not find the file 'C:/Users/MAUSTAFA/OneDrive - Habib University/Desktop/Basys3-Joystick-Interfacing-main/test.srcs/sources_1/imports/hdl/sevensegdecoder.v'.
CRITICAL WARNING: [Project 1-19] Could not find the file 'C:/Users/MAUSTAFA/OneDrive - Habib University/Desktop/Basys3-Joystick-Interfacing-main/test.srcs/sources_1/imports/hdl/UART_TX_CTRL.vhd'.
Scanning sources...
Finished scanning sources
INFO: [IP_Flow 19-234] Refreshing IP repositories
INFO: [IP_Flow 19-1704] No user IP repositories specified
INFO: [IP_Flow 19-2313] Loaded Vivado IP repository 'C:/Vivado/2020.1/data/ip'.
open_project: Time (s): cpu = 00:00:11 ; elapsed = 00:00:09 . Memory (MB): peak = 1024.793 ; gain = 0.000
update_compile_order -fileset sources_1
launch_runs impl_1 -jobs 4
[Mon Dec 18 09:03:50 2023] Launched impl_1...
Run output will be captured here: C:/Users/MAUSTAFA/OneDrive - Habib University/Desktop/PROJECT/PROJECT.runs/impl_1/runme.log
launch_runs impl_1 -to_step write_bitstream -jobs 4
[Mon Dec 18 09:05:40 2023] Launched impl_1...
Run output will be captured here: C:/Users/MAUSTAFA/OneDrive - Habib University/Desktop/PROJECT/PROJECT.runs/impl_1/runme.log
open_hw_manager
connect_hw_server -allow_non_jtag
INFO: [Labtools 27-2285] Connecting to hw_server url TCP:localhost:3121
INFO: [Labtools 27-2222] Launching hw_server...
INFO: [Labtools 27-2221] Launch Output:

****** Xilinx hw_server v2020.1
  **** Build date : May 27 2020 at 20:24:38
    ** Copyright 1986-2020 Xilinx, Inc. All Rights Reserved.


INFO: [Labtools 27-3415] Connecting to cs_server url TCP:localhost:3042
INFO: [Labtools 27-3417] Launching cs_server...
INFO: [Labtools 27-2221] Launch Output:


****** Xilinx cs_server v2020.1.0
  **** Build date : May 14 2020-06:10:29
    ** Copyright 2017-2020 Xilinx, Inc. All Rights Reserved.



connect_hw_server: Time (s): cpu = 00:00:01 ; elapsed = 00:00:12 . Memory (MB): peak = 1024.793 ; gain = 0.000
open_hw_target
INFO: [Labtoolstcl 44-466] Opening hw_target localhost:3121/xilinx_tcf/Digilent/210183AF3057A
open_hw_target: Time (s): cpu = 00:00:05 ; elapsed = 00:00:08 . Memory (MB): peak = 2156.840 ; gain = 1132.047
set_property PROGRAM.FILE {C:/Users/MAUSTAFA/OneDrive - Habib University/Desktop/PROJECT/PROJECT.runs/impl_1/Project.bit} [get_hw_devices xc7a35t_0]
current_hw_device [get_hw_devices xc7a35t_0]
refresh_hw_device -update_hw_probes false [lindex [get_hw_devices xc7a35t_0] 0]
INFO: [Labtools 27-1434] Device xc7a35t (JTAG device index = 0) is programmed with a design that has no supported debug core(s) in it.
set_property PROBES.FILE {} [get_hw_devices xc7a35t_0]
set_property FULL_PROBES.FILE {} [get_hw_devices xc7a35t_0]
set_property PROGRAM.FILE {C:/Users/MAUSTAFA/OneDrive - Habib University/Desktop/PROJECT/PROJECT.runs/impl_1/Project.bit} [get_hw_devices xc7a35t_0]
program_hw_devices [get_hw_devices xc7a35t_0]
INFO: [Labtools 27-3164] End of startup status: HIGH
refresh_hw_device [lindex [get_hw_devices xc7a35t_0] 0]
INFO: [Labtools 27-1434] Device xc7a35t (JTAG device index = 0) is programmed with a design that has no supported debug core(s) in it.
set_property PROBES.FILE {} [get_hw_devices xc7a35t_0]
set_property FULL_PROBES.FILE {} [get_hw_devices xc7a35t_0]
set_property PROGRAM.FILE {C:/Users/MAUSTAFA/OneDrive - Habib University/Desktop/PROJECT/PROJECT.runs/impl_1/Project.bit} [get_hw_devices xc7a35t_0]
program_hw_devices [get_hw_devices xc7a35t_0]
INFO: [Labtools 27-3164] End of startup status: HIGH
refresh_hw_device [lindex [get_hw_devices xc7a35t_0] 0]
INFO: [Labtools 27-1434] Device xc7a35t (JTAG device index = 0) is programmed with a design that has no supported debug core(s) in it.
reset_run synth_1
launch_runs impl_1 -to_step write_bitstream -jobs 4
[Mon Dec 18 09:10:21 2023] Launched synth_1...
Run output will be captured here: C:/Users/MAUSTAFA/OneDrive - Habib University/Desktop/PROJECT/PROJECT.runs/synth_1/runme.log
[Mon Dec 18 09:10:21 2023] Launched impl_1...
Run output will be captured here: C:/Users/MAUSTAFA/OneDrive - Habib University/Desktop/PROJECT/PROJECT.runs/impl_1/runme.log
open_run impl_1
INFO: [Device 21-403] Loading part xc7a35tcpg236-1
INFO: [Common 17-41] Interrupt caught. Command should exit soon.
Netlist sorting complete. Time (s): cpu = 00:00:00 ; elapsed = 00:00:00.023 . Memory (MB): peak = 2473.344 ; gain = 0.000
INFO: [Netlist 29-17] Analyzing 221 Unisim elements for replacement
INFO: [Netlist 29-28] Unisim Transformation completed in 0 CPU seconds
INFO: [Project 1-479] Netlist was created with Vivado 2020.1
open_run: Time (s): cpu = 00:00:07 ; elapsed = 00:00:23 . Memory (MB): peak = 2479.449 ; gain = 264.215
INFO: [Common 17-344] 'open_run' was cancelled
set_property PROBES.FILE {} [get_hw_devices xc7a35t_0]
set_property FULL_PROBES.FILE {} [get_hw_devices xc7a35t_0]
set_property PROGRAM.FILE {C:/Users/MAUSTAFA/OneDrive - Habib University/Desktop/PROJECT/PROJECT.runs/impl_1/Project.bit} [get_hw_devices xc7a35t_0]
program_hw_devices [get_hw_devices xc7a35t_0]
INFO: [Labtools 27-3164] End of startup status: HIGH
refresh_hw_device [lindex [get_hw_devices xc7a35t_0] 0]
INFO: [Labtools 27-1434] Device xc7a35t (JTAG device index = 0) is programmed with a design that has no supported debug core(s) in it.
ERROR: [Labtoolstcl 44-513] HW Target shutdown. Closing target: localhost:3121/xilinx_tcf/Digilent/210183AF3057A
INFO: [Labtoolstcl 44-466] Opening hw_target localhost:3121/xilinx_tcf/Digilent/210183AF3057A
INFO: [Labtools 27-1434] Device xc7a35t (JTAG device index = 0) is programmed with a design that has no supported debug core(s) in it.
WARNING: [Labtoolstcl 44-129] No matching hw_ila_data was found.
refresh_hw_device [lindex [get_hw_devices xc7a35t_0] 0]
INFO: [Labtools 27-1434] Device xc7a35t (JTAG device index = 0) is programmed with a design that has no supported debug core(s) in it.
set_property PROBES.FILE {} [get_hw_devices xc7a35t_0]
set_property FULL_PROBES.FILE {} [get_hw_devices xc7a35t_0]
set_property PROGRAM.FILE {C:/Users/MAUSTAFA/OneDrive - Habib University/Desktop/PROJECT/PROJECT.runs/impl_1/Project.bit} [get_hw_devices xc7a35t_0]
program_hw_devices [get_hw_devices xc7a35t_0]
INFO: [Labtools 27-3164] End of startup status: HIGH
refresh_hw_device [lindex [get_hw_devices xc7a35t_0] 0]
INFO: [Labtools 27-1434] Device xc7a35t (JTAG device index = 0) is programmed with a design that has no supported debug core(s) in it.
ERROR: [Labtoolstcl 44-513] HW Target shutdown. Closing target: localhost:3121/xilinx_tcf/Digilent/210183AF3057A
INFO: [Labtoolstcl 44-466] Opening hw_target localhost:3121/xilinx_tcf/Digilent/210183AF3057A
INFO: [Labtools 27-1434] Device xc7a35t (JTAG device index = 0) is programmed with a design that has no supported debug core(s) in it.
WARNING: [Labtoolstcl 44-129] No matching hw_ila_data was found.
set_property PROBES.FILE {} [get_hw_devices xc7a35t_0]
set_property FULL_PROBES.FILE {} [get_hw_devices xc7a35t_0]
set_property PROGRAM.FILE {C:/Users/MAUSTAFA/OneDrive - Habib University/Desktop/PROJECT/PROJECT.runs/impl_1/Project.bit} [get_hw_devices xc7a35t_0]
program_hw_devices [get_hw_devices xc7a35t_0]
INFO: [Labtools 27-3164] End of startup status: HIGH
refresh_hw_device [lindex [get_hw_devices xc7a35t_0] 0]
INFO: [Labtools 27-1434] Device xc7a35t (JTAG device index = 0) is programmed with a design that has no supported debug core(s) in it.
set_property PROBES.FILE {} [get_hw_devices xc7a35t_0]
set_property FULL_PROBES.FILE {} [get_hw_devices xc7a35t_0]
set_property PROGRAM.FILE {C:/Users/MAUSTAFA/OneDrive - Habib University/Desktop/PROJECT/PROJECT.runs/impl_1/Project.bit} [get_hw_devices xc7a35t_0]
program_hw_devices [get_hw_devices xc7a35t_0]
INFO: [Labtools 27-3164] End of startup status: HIGH
refresh_hw_device [lindex [get_hw_devices xc7a35t_0] 0]
INFO: [Labtools 27-1434] Device xc7a35t (JTAG device index = 0) is programmed with a design that has no supported debug core(s) in it.
ERROR: [Labtoolstcl 44-513] HW Target shutdown. Closing target: localhost:3121/xilinx_tcf/Digilent/210183AF3057A
INFO: [Labtoolstcl 44-466] Opening hw_target localhost:3121/xilinx_tcf/Digilent/210183AF3057A
INFO: [Labtools 27-1434] Device xc7a35t (JTAG device index = 0) is programmed with a design that has no supported debug core(s) in it.
WARNING: [Labtoolstcl 44-129] No matching hw_ila_data was found.
reset_run synth_1
launch_runs synth_1 -jobs 4
[Mon Dec 18 09:25:46 2023] Launched synth_1...
Run output will be captured here: C:/Users/MAUSTAFA/OneDrive - Habib University/Desktop/PROJECT/PROJECT.runs/synth_1/runme.log
launch_runs impl_1 -jobs 4
[Mon Dec 18 09:27:13 2023] Launched impl_1...
Run output will be captured here: C:/Users/MAUSTAFA/OneDrive - Habib University/Desktop/PROJECT/PROJECT.runs/impl_1/runme.log
